date: 2014-04-25 10:46:58.972
argv: c:\Program Files\nodejs\node.exe c:\Users\chenyufu\AppData\Roaming\npm\node_modules\hexo\bin\hexo s
os: Windows_NT 6.1.7601 win32 ia32
version:
  hexo: 2.4.5
  http_parser: 1.0
  node: 0.10.23
  v8: 3.14.5.9
  ares: 1.9.0-DEV
  uv: 0.10.20
  zlib: 1.2.3
  modules: 11
  openssl: 1.0.1e
---

[debug] 10:45:15.646 Configuration file load successfully
[debug] 10:45:15.649 Version info checked successfully
[debug] 10:45:15.684 Loading database.
[debug] 10:45:15.731 Theme layout loaded
[debug] 10:45:15.734 Theme configuration loaded
[debug] 10:45:15.741 Theme source loaded
[debug] 10:45:15.742 Theme language files loaded
[debug] 10:45:15.765 Processed: _drafts/1. web架构
[debug] 10:45:15.774 Processed: CNAME
[debug] 10:45:15.774 Processed: favicon.ico
[debug] 10:45:15.774 Processed: img/hexo-source-structure.png
[debug] 10:45:15.774 Processed: img/samba.jpg
[debug] 10:45:15.930 Processed: about/index.md
[debug] 10:45:15.938 Processed: archives/index.md
[debug] 10:45:15.946 Processed: todo/index.md
[debug] 10:45:16.126 Processed: _posts/hexo-source-reading-1.md
[debug] 10:45:16.126 Processed: _posts/pro-javascript-design-patterns-decorator.md
[debug] 10:45:16.127 Processed: _posts/pro-javascript-design-patterns-proxy.md
[debug] 10:45:16.127 Processed: _posts/pro-javascript-design-patterns-facade.md
[debug] 10:45:16.127 Processed: _posts/pro-javascript-design-patterns-factory.md
[debug] 10:45:16.127 Processed: _posts/javascript-inherit.md
[debug] 10:45:16.127 Processed: _posts/pro-javascript-design-patterns-composite.md
[debug] 10:45:16.127 Processed: _posts/hexo-guide-1.md
[debug] 10:45:16.127 Processed: _posts/javascript-copy.md
[debug] 10:45:16.127 Processed: _posts/node.js国内外资料集锦.md
[debug] 10:45:16.127 Processed: _posts/nodejs新特性cluster的使用.md
[debug] 10:45:16.127 Processed: _posts/pro-javascript-design-patterns-bridge.md
[debug] 10:45:16.127 Processed: _posts/pro-javascript-design-patterns-flyweight.md
[debug] 10:45:16.127 Processed: _posts/pro-javascript-design-patterns-adapter.md
[debug] 10:45:16.127 Processed: _posts/hexo-source-reading-0.md
[debug] 10:45:16.127 Processed: _posts/Windows上搭建git服务器.md
[debug] 10:45:16.127 Processed: _posts/pro-javascript-design-patterns-singleton.md
[debug] 10:45:16.127 Processed: _posts/hexo-guide-0.md
[debug] 10:45:16.127 Processed: _posts/diary-samba.md
[debug] 10:45:16.134 Processed: _posts/javascript-interface.md
[debug] 10:45:16.136 Cache saved
[info] 10:45:17.148 Hexo is running at http://localhost:4000/. Press Ctrl+C to stop.
[update] 10:45:37.929 Source: _posts\javascript-interface.md
[delete] 10:45:37.932 Source: _posts\javascript-interface.md
[update] 10:45:37.936 Source: _posts\javascript-interface.md
[update] 10:45:37.937 Source: _posts\javascript-interface.md
[create] 10:45:37.944 Source: _posts\javascript-interface.md
[create] 10:45:37.945 Source: _posts\javascript-interface.md
[create] 10:45:37.945 Source: _posts\javascript-interface.md
[create] 10:45:37.946 Source: _posts\javascript-interface.md
[create] 10:45:37.946 Source: _posts\javascript-interface.md
[create] 10:45:37.947 Source: _posts\javascript-interface.md
[create] 10:45:37.947 Source: _posts\javascript-interface.md
[create] 10:45:37.948 Source: _posts\javascript-interface.md
[create] 10:45:37.949 Source: _posts\javascript-interface.md
[debug] 10:45:38.098 Processed: _posts/javascript-interface.md
[debug] 10:45:38.149 Processed: _posts/javascript-interface.md
[debug] 10:45:38.156 Processed: _posts/javascript-interface.md
[debug] 10:45:38.162 Processed: _posts/javascript-interface.md
[debug] 10:45:38.169 Processed: _posts/javascript-interface.md
[debug] 10:45:38.169 Processed: _posts/javascript-interface.md
[debug] 10:45:38.176 Processed: _posts/javascript-interface.md
[debug] 10:45:38.189 Processed: _posts/javascript-interface.md
[debug] 10:45:38.189 Processed: _posts/javascript-interface.md
[debug] 10:45:38.189 Processed: _posts/javascript-interface.md
[debug] 10:45:38.189 Processed: _posts/javascript-interface.md
[debug] 10:45:38.189 Processed: _posts/javascript-interface.md
[debug] 10:45:38.189 Processed: _posts/javascript-interface.md
[debug] 10:45:38.196 Cache saved
[update] 10:45:55.722 Source: _posts\javascript-interface.md
[update] 10:45:55.724 Source: _posts\javascript-interface.md
[delete] 10:45:55.725 Source: _posts\javascript-interface.md
[update] 10:45:55.729 Source: _posts\javascript-interface.md
[update] 10:45:55.729 Source: _posts\javascript-interface.md
[update] 10:45:55.730 Source: _posts\javascript-interface.md
[update] 10:45:55.730 Source: _posts\javascript-interface.md
[create] 10:45:55.736 Source: _posts\javascript-interface.md
[create] 10:45:55.737 Source: _posts\javascript-interface.md
[create] 10:45:55.738 Source: _posts\javascript-interface.md
[create] 10:45:55.738 Source: _posts\javascript-interface.md
[create] 10:45:55.739 Source: _posts\javascript-interface.md
[create] 10:45:55.739 Source: _posts\javascript-interface.md
[create] 10:45:55.740 Source: _posts\javascript-interface.md
[create] 10:45:55.741 Source: _posts\javascript-interface.md
[create] 10:45:55.741 Source: _posts\javascript-interface.md
[debug] 10:45:55.884 Processed: _posts/javascript-interface.md
[debug] 10:45:56.061 Processed: _posts/javascript-interface.md
[debug] 10:45:56.074 Processed: _posts/javascript-interface.md
[debug] 10:45:56.087 Processed: _posts/javascript-interface.md
[debug] 10:45:56.100 Processed: _posts/javascript-interface.md
[debug] 10:45:56.113 Processed: _posts/javascript-interface.md
[debug] 10:45:56.130 Processed: _posts/javascript-interface.md
[debug] 10:45:56.130 Processed: _posts/javascript-interface.md
[debug] 10:45:56.130 Processed: _posts/javascript-interface.md
[debug] 10:45:56.130 Processed: _posts/javascript-interface.md
[debug] 10:45:56.130 Processed: _posts/javascript-interface.md
[debug] 10:45:56.131 Processed: _posts/javascript-interface.md
[debug] 10:45:56.131 Processed: _posts/javascript-interface.md
[debug] 10:45:56.131 Processed: _posts/javascript-interface.md
[debug] 10:45:56.131 Processed: _posts/javascript-interface.md
[debug] 10:45:56.131 Processed: _posts/javascript-interface.md
[debug] 10:45:56.132 Cache saved
[update] 10:46:15.453 Source: _posts\javascript-interface.md
[update] 10:46:15.454 Source: _posts\javascript-interface.md
[update] 10:46:15.455 Source: _posts\javascript-interface.md
[update] 10:46:15.455 Source: _posts\javascript-interface.md
[update] 10:46:15.456 Source: _posts\javascript-interface.md
[update] 10:46:15.457 Source: _posts\javascript-interface.md
[update] 10:46:15.457 Source: _posts\javascript-interface.md
[update] 10:46:15.458 Source: _posts\javascript-interface.md
[update] 10:46:15.458 Source: _posts\javascript-interface.md
[debug] 10:46:15.645 Processed: _posts/javascript-interface.md
[debug] 10:46:15.685 Processed: _posts/javascript-interface.md
[debug] 10:46:15.718 Processed: _posts/javascript-interface.md
[debug] 10:46:15.718 Processed: _posts/javascript-interface.md
[debug] 10:46:15.744 Processed: _posts/javascript-interface.md
[debug] 10:46:15.758 Processed: _posts/javascript-interface.md
[debug] 10:46:15.758 Processed: _posts/javascript-interface.md
[debug] 10:46:15.758 Processed: _posts/javascript-interface.md
[debug] 10:46:15.758 Processed: _posts/javascript-interface.md
[debug] 10:46:15.759 Cache saved
[delete] 10:46:22.426 Source: _posts\javascript-inherit.md
[update] 10:46:22.439 Source: _posts\javascript-inherit.md
[update] 10:46:22.440 Source: _posts\javascript-inherit.md
[update] 10:46:22.441 Source: _posts\javascript-inherit.md
[create] 10:46:22.448 Source: _posts\javascript-inherit.md
[create] 10:46:22.448 Source: _posts\javascript-inherit.md
[create] 10:46:22.449 Source: _posts\javascript-inherit.md
[create] 10:46:22.450 Source: _posts\javascript-inherit.md
[create] 10:46:22.457 Source: _posts\javascript-inherit.md
[create] 10:46:22.458 Source: _posts\javascript-inherit.md
[create] 10:46:22.459 Source: _posts\javascript-inherit.md
[create] 10:46:22.460 Source: _posts\javascript-inherit.md
[debug] 10:46:22.583 Processed: _posts/javascript-inherit.md
[debug] 10:46:22.669 Processed: _posts/javascript-inherit.md
[debug] 10:46:22.685 Processed: _posts/javascript-inherit.md
[debug] 10:46:22.692 Processed: _posts/javascript-inherit.md
[debug] 10:46:22.699 Processed: _posts/javascript-inherit.md
[debug] 10:46:22.705 Processed: _posts/javascript-inherit.md
[debug] 10:46:22.713 Processed: _posts/javascript-inherit.md
[debug] 10:46:22.713 Processed: _posts/javascript-inherit.md
[debug] 10:46:22.713 Processed: _posts/javascript-inherit.md
[debug] 10:46:22.713 Processed: _posts/javascript-inherit.md
[debug] 10:46:22.713 Processed: _posts/javascript-inherit.md
[debug] 10:46:22.713 Processed: _posts/javascript-inherit.md
[debug] 10:46:22.714 Cache saved
[update] 10:46:32.692 Source: _posts\javascript-interface.md
[delete] 10:46:32.694 Source: _posts\javascript-interface.md
[update] 10:46:32.695 Source: _posts\javascript-interface.md
[update] 10:46:32.696 Source: _posts\javascript-interface.md
[update] 10:46:32.700 Source: _posts\javascript-interface.md
[update] 10:46:32.701 Source: _posts\javascript-interface.md
[update] 10:46:32.702 Source: _posts\javascript-interface.md
[update] 10:46:32.702 Source: _posts\javascript-interface.md
[update] 10:46:32.703 Source: _posts\javascript-interface.md
[update] 10:46:32.703 Source: _posts\javascript-interface.md
[create] 10:46:32.710 Source: _posts\javascript-interface.md
[create] 10:46:32.711 Source: _posts\javascript-interface.md
[create] 10:46:32.712 Source: _posts\javascript-interface.md
[create] 10:46:32.712 Source: _posts\javascript-interface.md
[create] 10:46:32.713 Source: _posts\javascript-interface.md
[create] 10:46:32.714 Source: _posts\javascript-interface.md
[create] 10:46:32.714 Source: _posts\javascript-interface.md
[create] 10:46:32.714 Source: _posts\javascript-interface.md
[create] 10:46:32.715 Source: _posts\javascript-interface.md
[debug] 10:46:32.863 Processed: _posts/javascript-interface.md
[debug] 10:46:33.088 Processed: _posts/javascript-interface.md
[debug] 10:46:33.115 Processed: _posts/javascript-interface.md
[debug] 10:46:33.141 Processed: _posts/javascript-interface.md
[debug] 10:46:33.141 Processed: _posts/javascript-interface.md
[debug] 10:46:33.154 Processed: _posts/javascript-interface.md
[debug] 10:46:33.167 Processed: _posts/javascript-interface.md
[debug] 10:46:33.186 Processed: _posts/javascript-interface.md
[debug] 10:46:33.186 Processed: _posts/javascript-interface.md
[debug] 10:46:33.186 Processed: _posts/javascript-interface.md
[debug] 10:46:33.186 Processed: _posts/javascript-interface.md
[debug] 10:46:33.186 Processed: _posts/javascript-interface.md
[debug] 10:46:33.186 Processed: _posts/javascript-interface.md
[debug] 10:46:33.186 Processed: _posts/javascript-interface.md
[debug] 10:46:33.186 Processed: _posts/javascript-interface.md
[debug] 10:46:33.186 Processed: _posts/javascript-interface.md
[debug] 10:46:33.186 Processed: _posts/javascript-interface.md
[debug] 10:46:33.186 Processed: _posts/javascript-interface.md
[debug] 10:46:33.186 Processed: _posts/javascript-interface.md
[debug] 10:46:33.188 Cache saved
[delete] 10:46:55.779 Source: _posts\javascript-interface.md
[update] 10:46:55.781 Source: _posts\javascript-interface.md
[update] 10:46:55.782 Source: _posts\javascript-interface.md
[update] 10:46:55.783 Source: _posts\javascript-interface.md
[update] 10:46:55.784 Source: _posts\javascript-interface.md
[update] 10:46:55.784 Source: _posts\javascript-interface.md
[update] 10:46:55.785 Source: _posts\javascript-interface.md
[update] 10:46:55.785 Source: _posts\javascript-interface.md
[update] 10:46:55.786 Source: _posts\javascript-interface.md
[update] 10:46:55.787 Source: _posts\javascript-interface.md
[update] 10:46:55.787 Source: _posts\javascript-interface.md
[update] 10:46:55.788 Source: _posts\javascript-interface.md
[update] 10:46:55.791 Source: _posts\javascript-interface.md
[create] 10:46:55.798 Source: _posts\javascript-interface.md
[create] 10:46:55.799 Source: _posts\javascript-interface.md
[create] 10:46:55.800 Source: _posts\javascript-interface.md
[create] 10:46:55.800 Source: _posts\javascript-interface.md
[create] 10:46:55.801 Source: _posts\javascript-interface.md
[create] 10:46:55.801 Source: _posts\javascript-interface.md
[create] 10:46:55.802 Source: _posts\javascript-interface.md
[create] 10:46:55.802 Source: _posts\javascript-interface.md
[create] 10:46:55.803 Source: _posts\javascript-interface.md
[debug] 10:46:55.930 Processed: _posts/javascript-interface.md
[debug] 10:46:56.257 Processed: _posts/javascript-interface.md
[debug] 10:46:56.270 Processed: _posts/javascript-interface.md
[debug] 10:46:56.283 Processed: _posts/javascript-interface.md
[debug] 10:46:56.296 Processed: _posts/javascript-interface.md
[debug] 10:46:56.309 Processed: _posts/javascript-interface.md
[debug] 10:46:56.322 Processed: _posts/javascript-interface.md
[debug] 10:46:56.322 Processed: _posts/javascript-interface.md
[debug] 10:46:56.322 Processed: _posts/javascript-interface.md
[debug] 10:46:56.322 Processed: _posts/javascript-interface.md
[debug] 10:46:56.322 Processed: _posts/javascript-interface.md
[debug] 10:46:56.322 Processed: _posts/javascript-interface.md
[debug] 10:46:56.322 Processed: _posts/javascript-interface.md
[debug] 10:46:56.322 Processed: _posts/javascript-interface.md
[debug] 10:46:56.322 Processed: _posts/javascript-interface.md
[debug] 10:46:56.322 Processed: _posts/javascript-interface.md
[debug] 10:46:56.322 Processed: _posts/javascript-interface.md
[debug] 10:46:56.322 Processed: _posts/javascript-interface.md
[debug] 10:46:56.322 Processed: _posts/javascript-interface.md
[debug] 10:46:56.322 Processed: _posts/javascript-interface.md
[debug] 10:46:56.323 Processed: _posts/javascript-interface.md
[debug] 10:46:56.323 Processed: _posts/javascript-interface.md
[debug] 10:46:56.330 Cache saved
[update] 10:46:58.957 Source: _posts\javascript-interface.md
[update] 10:46:58.958 Source: _posts\javascript-interface.md
[update] 10:46:58.959 Source: _posts\javascript-interface.md
[update] 10:46:58.960 Source: _posts\javascript-interface.md
[update] 10:46:58.960 Source: _posts\javascript-interface.md
[update] 10:46:58.961 Source: _posts\javascript-interface.md
[update] 10:46:58.961 Source: _posts\javascript-interface.md
[update] 10:46:58.962 Source: _posts\javascript-interface.md
[update] 10:46:58.962 Source: _posts\javascript-interface.md
[update] 10:46:58.963 Source: _posts\javascript-interface.md
[update] 10:46:58.964 Source: _posts\javascript-interface.md
[update] 10:46:58.964 Source: _posts\javascript-interface.md
[update] 10:46:58.965 Source: _posts\javascript-interface.md
[update] 10:46:58.965 Source: _posts\javascript-interface.md
[update] 10:46:58.966 Source: _posts\javascript-interface.md
[error] 10:46:58.967 Error: ENOENT, stat 'e:\360yun\blog\source\_posts\.subl14f.tmp'
Error: ENOENT, stat 'e:\360yun\blog\source\_posts\.subl14f.tmp'
